{"/home/project/src/controllers/userController.js": {"path":"/home/project/src/controllers/userController.js","statementMap":{"0":{"start":{"line":1,"column":20},"end":{"line":1,"column":54}},"1":{"start":{"line":2,"column":15},"end":{"line":2,"column":41}},"2":{"start":{"line":4,"column":0},"end":{"line":12,"column":2}},"3":{"start":{"line":5,"column":2},"end":{"line":11,"column":3}},"4":{"start":{"line":6,"column":21},"end":{"line":6,"column":29}},"5":{"start":{"line":7,"column":19},"end":{"line":7,"column":57}},"6":{"start":{"line":8,"column":4},"end":{"line":8,"column":33}},"7":{"start":{"line":10,"column":4},"end":{"line":10,"column":16}},"8":{"start":{"line":14,"column":0},"end":{"line":23,"column":2}},"9":{"start":{"line":15,"column":2},"end":{"line":22,"column":3}},"10":{"start":{"line":16,"column":23},"end":{"line":16,"column":33}},"11":{"start":{"line":17,"column":21},"end":{"line":17,"column":29}},"12":{"start":{"line":18,"column":19},"end":{"line":18,"column":65}},"13":{"start":{"line":19,"column":4},"end":{"line":19,"column":21}},"14":{"start":{"line":21,"column":4},"end":{"line":21,"column":16}},"15":{"start":{"line":25,"column":0},"end":{"line":33,"column":2}},"16":{"start":{"line":26,"column":2},"end":{"line":32,"column":3}},"17":{"start":{"line":27,"column":23},"end":{"line":27,"column":33}},"18":{"start":{"line":28,"column":19},"end":{"line":28,"column":55}},"19":{"start":{"line":29,"column":4},"end":{"line":29,"column":21}},"20":{"start":{"line":31,"column":4},"end":{"line":31,"column":16}},"21":{"start":{"line":35,"column":0},"end":{"line":43,"column":2}},"22":{"start":{"line":36,"column":2},"end":{"line":42,"column":3}},"23":{"start":{"line":37,"column":23},"end":{"line":37,"column":33}},"24":{"start":{"line":38,"column":19},"end":{"line":38,"column":60}},"25":{"start":{"line":39,"column":4},"end":{"line":39,"column":21}},"26":{"start":{"line":41,"column":4},"end":{"line":41,"column":16}},"27":{"start":{"line":45,"column":0},"end":{"line":53,"column":2}},"28":{"start":{"line":46,"column":2},"end":{"line":52,"column":3}},"29":{"start":{"line":47,"column":23},"end":{"line":47,"column":33}},"30":{"start":{"line":48,"column":19},"end":{"line":48,"column":59}},"31":{"start":{"line":49,"column":4},"end":{"line":49,"column":21}},"32":{"start":{"line":51,"column":4},"end":{"line":51,"column":16}},"33":{"start":{"line":55,"column":0},"end":{"line":63,"column":2}},"34":{"start":{"line":56,"column":2},"end":{"line":62,"column":3}},"35":{"start":{"line":57,"column":50},"end":{"line":57,"column":59}},"36":{"start":{"line":58,"column":19},"end":{"line":58,"column":69}},"37":{"start":{"line":59,"column":4},"end":{"line":59,"column":21}},"38":{"start":{"line":61,"column":4},"end":{"line":61,"column":16}}},"fnMap":{"0":{"name":"(anonymous_0)","decl":{"start":{"line":4,"column":21},"end":{"line":4,"column":22}},"loc":{"start":{"line":4,"column":47},"end":{"line":12,"column":1}},"line":4},"1":{"name":"(anonymous_1)","decl":{"start":{"line":14,"column":21},"end":{"line":14,"column":22}},"loc":{"start":{"line":14,"column":47},"end":{"line":23,"column":1}},"line":14},"2":{"name":"(anonymous_2)","decl":{"start":{"line":25,"column":21},"end":{"line":25,"column":22}},"loc":{"start":{"line":25,"column":47},"end":{"line":33,"column":1}},"line":25},"3":{"name":"(anonymous_3)","decl":{"start":{"line":35,"column":26},"end":{"line":35,"column":27}},"loc":{"start":{"line":35,"column":52},"end":{"line":43,"column":1}},"line":35},"4":{"name":"(anonymous_4)","decl":{"start":{"line":45,"column":25},"end":{"line":45,"column":26}},"loc":{"start":{"line":45,"column":51},"end":{"line":53,"column":1}},"line":45},"5":{"name":"(anonymous_5)","decl":{"start":{"line":55,"column":22},"end":{"line":55,"column":23}},"loc":{"start":{"line":55,"column":48},"end":{"line":63,"column":1}},"line":55}},"branchMap":{"0":{"loc":{"start":{"line":57,"column":12},"end":{"line":57,"column":20}},"type":"default-arg","locations":[{"start":{"line":57,"column":19},"end":{"line":57,"column":20}}],"line":57},"1":{"loc":{"start":{"line":57,"column":22},"end":{"line":57,"column":32}},"type":"default-arg","locations":[{"start":{"line":57,"column":30},"end":{"line":57,"column":32}}],"line":57},"2":{"loc":{"start":{"line":57,"column":34},"end":{"line":57,"column":45}},"type":"default-arg","locations":[{"start":{"line":57,"column":43},"end":{"line":57,"column":45}}],"line":57}},"s":{"0":0,"1":0,"2":0,"3":0,"4":0,"5":0,"6":0,"7":0,"8":0,"9":0,"10":0,"11":0,"12":0,"13":0,"14":0,"15":0,"16":0,"17":0,"18":0,"19":0,"20":0,"21":0,"22":0,"23":0,"24":0,"25":0,"26":0,"27":0,"28":0,"29":0,"30":0,"31":0,"32":0,"33":0,"34":0,"35":0,"36":0,"37":0,"38":0},"f":{"0":0,"1":0,"2":0,"3":0,"4":0,"5":0},"b":{"0":[0],"1":[0],"2":[0]}}
,"/home/project/src/middleware/errorHandler.js": {"path":"/home/project/src/middleware/errorHandler.js","statementMap":{"0":{"start":{"line":1,"column":15},"end":{"line":1,"column":41}},"1":{"start":{"line":2,"column":21},"end":{"line":2,"column":47}},"2":{"start":{"line":4,"column":0},"end":{"line":16,"column":2}},"3":{"start":{"line":5,"column":2},"end":{"line":5,"column":20}},"4":{"start":{"line":7,"column":2},"end":{"line":11,"column":3}},"5":{"start":{"line":8,"column":4},"end":{"line":10,"column":7}},"6":{"start":{"line":13,"column":2},"end":{"line":15,"column":5}}},"fnMap":{"0":{"name":"(anonymous_0)","decl":{"start":{"line":4,"column":23},"end":{"line":4,"column":24}},"loc":{"start":{"line":4,"column":48},"end":{"line":16,"column":1}},"line":4}},"branchMap":{"0":{"loc":{"start":{"line":7,"column":2},"end":{"line":11,"column":3}},"type":"if","locations":[{"start":{"line":7,"column":2},"end":{"line":11,"column":3}},{"start":{},"end":{}}],"line":7}},"s":{"0":0,"1":0,"2":0,"3":0,"4":0,"5":0,"6":0},"f":{"0":0},"b":{"0":[0,0]}}
,"/home/project/src/middleware/validateRequest.js": {"path":"/home/project/src/middleware/validateRequest.js","statementMap":{"0":{"start":{"line":1,"column":29},"end":{"line":1,"column":57}},"1":{"start":{"line":3,"column":0},"end":{"line":9,"column":2}},"2":{"start":{"line":4,"column":17},"end":{"line":4,"column":38}},"3":{"start":{"line":5,"column":2},"end":{"line":7,"column":3}},"4":{"start":{"line":6,"column":4},"end":{"line":6,"column":60}},"5":{"start":{"line":8,"column":2},"end":{"line":8,"column":9}}},"fnMap":{"0":{"name":"(anonymous_0)","decl":{"start":{"line":3,"column":26},"end":{"line":3,"column":27}},"loc":{"start":{"line":3,"column":46},"end":{"line":9,"column":1}},"line":3}},"branchMap":{"0":{"loc":{"start":{"line":5,"column":2},"end":{"line":7,"column":3}},"type":"if","locations":[{"start":{"line":5,"column":2},"end":{"line":7,"column":3}},{"start":{},"end":{}}],"line":5}},"s":{"0":0,"1":0,"2":0,"3":0,"4":0,"5":0},"f":{"0":0},"b":{"0":[0,0]}}
,"/home/project/src/routes/userRoutes.js": {"path":"/home/project/src/routes/userRoutes.js","statementMap":{"0":{"start":{"line":1,"column":16},"end":{"line":1,"column":34}},"1":{"start":{"line":2,"column":24},"end":{"line":2,"column":52}},"2":{"start":{"line":3,"column":23},"end":{"line":3,"column":63}},"3":{"start":{"line":4,"column":28},"end":{"line":4,"column":68}},"4":{"start":{"line":6,"column":15},"end":{"line":6,"column":31}},"5":{"start":{"line":9,"column":0},"end":{"line":18,"column":2}},"6":{"start":{"line":21,"column":0},"end":{"line":30,"column":2}},"7":{"start":{"line":33,"column":0},"end":{"line":35,"column":2}},"8":{"start":{"line":38,"column":0},"end":{"line":40,"column":2}},"9":{"start":{"line":43,"column":0},"end":{"line":45,"column":2}},"10":{"start":{"line":48,"column":0},"end":{"line":56,"column":2}},"11":{"start":{"line":58,"column":0},"end":{"line":58,"column":24}}},"fnMap":{},"branchMap":{},"s":{"0":0,"1":0,"2":0,"3":0,"4":0,"5":0,"6":0,"7":0,"8":0,"9":0,"10":0,"11":0},"f":{},"b":{}}
,"/home/project/src/services/userService.js": {"path":"/home/project/src/services/userService.js","statementMap":{"0":{"start":{"line":1,"column":14},"end":{"line":1,"column":30}},"1":{"start":{"line":2,"column":15},"end":{"line":2,"column":41}},"2":{"start":{"line":3,"column":21},"end":{"line":3,"column":47}},"3":{"start":{"line":7,"column":4},"end":{"line":13,"column":7}},"4":{"start":{"line":17,"column":4},"end":{"line":23,"column":5}},"5":{"start":{"line":18,"column":23},"end":{"line":18,"column":71}},"6":{"start":{"line":19,"column":6},"end":{"line":19,"column":27}},"7":{"start":{"line":21,"column":6},"end":{"line":21,"column":50}},"8":{"start":{"line":22,"column":6},"end":{"line":22,"column":81}},"9":{"start":{"line":27,"column":4},"end":{"line":33,"column":5}},"10":{"start":{"line":28,"column":23},"end":{"line":28,"column":80}},"11":{"start":{"line":29,"column":6},"end":{"line":29,"column":27}},"12":{"start":{"line":31,"column":6},"end":{"line":31,"column":50}},"13":{"start":{"line":32,"column":6},"end":{"line":32,"column":81}},"14":{"start":{"line":37,"column":4},"end":{"line":43,"column":5}},"15":{"start":{"line":38,"column":23},"end":{"line":38,"column":78}},"16":{"start":{"line":39,"column":6},"end":{"line":39,"column":27}},"17":{"start":{"line":41,"column":6},"end":{"line":41,"column":51}},"18":{"start":{"line":42,"column":6},"end":{"line":42,"column":81}},"19":{"start":{"line":47,"column":4},"end":{"line":53,"column":5}},"20":{"start":{"line":48,"column":23},"end":{"line":48,"column":83}},"21":{"start":{"line":49,"column":6},"end":{"line":49,"column":27}},"22":{"start":{"line":51,"column":6},"end":{"line":51,"column":56}},"23":{"start":{"line":52,"column":6},"end":{"line":52,"column":86}},"24":{"start":{"line":57,"column":4},"end":{"line":63,"column":5}},"25":{"start":{"line":58,"column":23},"end":{"line":58,"column":87}},"26":{"start":{"line":59,"column":6},"end":{"line":59,"column":27}},"27":{"start":{"line":61,"column":6},"end":{"line":61,"column":55}},"28":{"start":{"line":62,"column":6},"end":{"line":62,"column":85}},"29":{"start":{"line":67,"column":4},"end":{"line":79,"column":5}},"30":{"start":{"line":68,"column":23},"end":{"line":74,"column":8}},"31":{"start":{"line":75,"column":6},"end":{"line":75,"column":27}},"32":{"start":{"line":77,"column":6},"end":{"line":77,"column":52}},"33":{"start":{"line":78,"column":6},"end":{"line":78,"column":82}},"34":{"start":{"line":83,"column":0},"end":{"line":83,"column":35}}},"fnMap":{"0":{"name":"(anonymous_0)","decl":{"start":{"line":6,"column":2},"end":{"line":6,"column":3}},"loc":{"start":{"line":6,"column":16},"end":{"line":14,"column":3}},"line":6},"1":{"name":"(anonymous_1)","decl":{"start":{"line":16,"column":2},"end":{"line":16,"column":3}},"loc":{"start":{"line":16,"column":29},"end":{"line":24,"column":3}},"line":16},"2":{"name":"(anonymous_2)","decl":{"start":{"line":26,"column":2},"end":{"line":26,"column":3}},"loc":{"start":{"line":26,"column":37},"end":{"line":34,"column":3}},"line":26},"3":{"name":"(anonymous_3)","decl":{"start":{"line":36,"column":2},"end":{"line":36,"column":3}},"loc":{"start":{"line":36,"column":27},"end":{"line":44,"column":3}},"line":36},"4":{"name":"(anonymous_4)","decl":{"start":{"line":46,"column":2},"end":{"line":46,"column":3}},"loc":{"start":{"line":46,"column":32},"end":{"line":54,"column":3}},"line":46},"5":{"name":"(anonymous_5)","decl":{"start":{"line":56,"column":2},"end":{"line":56,"column":3}},"loc":{"start":{"line":56,"column":31},"end":{"line":64,"column":3}},"line":56},"6":{"name":"(anonymous_6)","decl":{"start":{"line":66,"column":2},"end":{"line":66,"column":3}},"loc":{"start":{"line":66,"column":41},"end":{"line":80,"column":3}},"line":66}},"branchMap":{"0":{"loc":{"start":{"line":22,"column":25},"end":{"line":22,"column":54}},"type":"binary-expr","locations":[{"start":{"line":22,"column":25},"end":{"line":22,"column":47}},{"start":{"line":22,"column":51},"end":{"line":22,"column":54}}],"line":22},"1":{"loc":{"start":{"line":32,"column":25},"end":{"line":32,"column":54}},"type":"binary-expr","locations":[{"start":{"line":32,"column":25},"end":{"line":32,"column":47}},{"start":{"line":32,"column":51},"end":{"line":32,"column":54}}],"line":32},"2":{"loc":{"start":{"line":42,"column":25},"end":{"line":42,"column":54}},"type":"binary-expr","locations":[{"start":{"line":42,"column":25},"end":{"line":42,"column":47}},{"start":{"line":42,"column":51},"end":{"line":42,"column":54}}],"line":42},"3":{"loc":{"start":{"line":52,"column":25},"end":{"line":52,"column":54}},"type":"binary-expr","locations":[{"start":{"line":52,"column":25},"end":{"line":52,"column":47}},{"start":{"line":52,"column":51},"end":{"line":52,"column":54}}],"line":52},"4":{"loc":{"start":{"line":62,"column":25},"end":{"line":62,"column":54}},"type":"binary-expr","locations":[{"start":{"line":62,"column":25},"end":{"line":62,"column":47}},{"start":{"line":62,"column":51},"end":{"line":62,"column":54}}],"line":62},"5":{"loc":{"start":{"line":78,"column":25},"end":{"line":78,"column":54}},"type":"binary-expr","locations":[{"start":{"line":78,"column":25},"end":{"line":78,"column":47}},{"start":{"line":78,"column":51},"end":{"line":78,"column":54}}],"line":78}},"s":{"0":0,"1":0,"2":0,"3":0,"4":0,"5":0,"6":0,"7":0,"8":0,"9":0,"10":0,"11":0,"12":0,"13":0,"14":0,"15":0,"16":0,"17":0,"18":0,"19":0,"20":0,"21":0,"22":0,"23":0,"24":0,"25":0,"26":0,"27":0,"28":0,"29":0,"30":0,"31":0,"32":0,"33":0,"34":0},"f":{"0":0,"1":0,"2":0,"3":0,"4":0,"5":0,"6":0},"b":{"0":[0,0],"1":[0,0],"2":[0,0],"3":[0,0],"4":[0,0],"5":[0,0]}}
,"/home/project/src/utils/errors.js": {"path":"/home/project/src/utils/errors.js","statementMap":{"0":{"start":{"line":3,"column":4},"end":{"line":3,"column":19}},"1":{"start":{"line":4,"column":4},"end":{"line":4,"column":25}},"2":{"start":{"line":5,"column":4},"end":{"line":5,"column":27}},"3":{"start":{"line":9,"column":0},"end":{"line":11,"column":2}}},"fnMap":{"0":{"name":"(anonymous_0)","decl":{"start":{"line":2,"column":2},"end":{"line":2,"column":3}},"loc":{"start":{"line":2,"column":31},"end":{"line":6,"column":3}},"line":2}},"branchMap":{},"s":{"0":0,"1":0,"2":0,"3":0},"f":{"0":0},"b":{}}
,"/home/project/src/utils/logger.js": {"path":"/home/project/src/utils/logger.js","statementMap":{"0":{"start":{"line":1,"column":16},"end":{"line":1,"column":34}},"1":{"start":{"line":3,"column":15},"end":{"line":14,"column":2}},"2":{"start":{"line":16,"column":0},"end":{"line":16,"column":24}}},"fnMap":{},"branchMap":{},"s":{"0":0,"1":0,"2":0},"f":{},"b":{}}
}
